<?xml version="1.0" encoding="UTF-8"?>
<testsuites name="Amazon_TestSuite_cart" time="73.129" tests="1" failures="0" errors="0">
   <testsuite name="Amazon_TestSuite_cart" tests="1" failures="0" errors="0" time="73.129" skipped="0" timestamp="2024-02-10 01:54:02" hostname="Akash Ghosh - 10.1.161.136" id="Test Suites/Amazon_TestSuite_cart/Amazon_TestSuite_cart">
      <properties>
         <property name="deviceName" value=""/>
         <property name="devicePlatform" value=""/>
         <property name="logFolder" value="C:\\Users\\Akash Ghosh\\git\\katlon\\Reports\\20240210_015340\\Amazon_TestSuite_cart\\Amazon_TestSuite_cart\\20240210_015358"/>
         <property name="logFiles" value="C:\\Users\\Akash Ghosh\\git\\katlon\\Reports\\20240210_015340\\Amazon_TestSuite_cart\\Amazon_TestSuite_cart\\20240210_015358\\execution0.log"/>
         <property name="attachments" value=""/>
         <property name="hostName" value="Akash Ghosh - 10.1.161.136"/>
         <property name="os" value="Windows 10 64bit"/>
         <property name="katalonVersion" value="8.6.8.208"/>
         <property name="browser" value="Chrome 121.0.0.0"/>
         <property name="hostAddress" value="10.1.161.136"/>
         <property name="sessionId" value="ecad22cb07e18daffca4937d9670771a"/>
         <property name="seleniumVersion" value="3.141.59"/>
         <property name="proxyInformation" value="ProxyInformation { proxyOption=NO_PROXY, proxyServerType=HTTP, username=, password=********, proxyServerAddress=, proxyServerPort=0, executionList=&quot;&quot;, isApplyToDesiredCapabilities=true }"/>
         <property name="platform" value="Windows 10"/>
      </properties>
      <testcase name="Test Cases/Amazon/TC_shopping_cart" time="72.844" classname="Test Cases/Amazon/TC_shopping_cart" status="PASSED">
         <system-out><![CDATA[2024-02-10 01:54:02 - [TEST_CASE][PASSED] - Test Cases/Amazon/TC_shopping_cart: Test Cases/Amazon/TC_shopping_cart

2024-02-10 01:54:02 - [TEST_STEP][PASSED] - Start listener action : sampleBeforeTestCase: Navigate to 'https://www.amazon.in/' successfully

2024-02-10 01:54:02 - [TEST_STEP][PASSED] - openBrowser(""): Browser is opened with url: ''

2024-02-10 01:54:02 - [MESSAGE][INFO] - Starting 'Chrome' driver

2024-02-10 01:54:02 - [MESSAGE][INFO] - Action delay is set to 0 milliseconds

2024-02-10 01:54:05 - [MESSAGE][PASSED] - Browser is opened with url: ''

2024-02-10 01:54:05 - [TEST_STEP][PASSED] - navigateToUrl("https://www.amazon.in/"): Navigate to 'https://www.amazon.in/' successfully

2024-02-10 01:54:08 - [MESSAGE][PASSED] - Navigate to 'https://www.amazon.in/' successfully

2024-02-10 01:54:08 - [TEST_STEP][PASSED] - Start listener action : sampleBeforeTestCase: Navigate to 'https://www.amazon.in/' successfully

2024-02-10 01:54:08 - [TEST_STEP][PASSED] - openBrowser(""): Browser is opened with url: ''

2024-02-10 01:54:08 - [MESSAGE][WARNING] - A browser is already opened. Closing browser and opening a new one

2024-02-10 01:54:09 - [MESSAGE][INFO] - Starting 'Chrome' driver

2024-02-10 01:54:09 - [MESSAGE][INFO] - Action delay is set to 0 milliseconds

2024-02-10 01:54:10 - [MESSAGE][PASSED] - Browser is opened with url: ''

2024-02-10 01:54:10 - [TEST_STEP][PASSED] - navigateToUrl("https://www.amazon.in/"): Navigate to 'https://www.amazon.in/' successfully

2024-02-10 01:54:11 - [MESSAGE][PASSED] - Navigate to 'https://www.amazon.in/' successfully

2024-02-10 01:54:12 - [TEST_STEP][PASSED] - openBrowser(""): Browser is opened with url: ''

2024-02-10 01:54:12 - [MESSAGE][WARNING] - A browser is already opened. Closing browser and opening a new one

2024-02-10 01:54:12 - [MESSAGE][INFO] - Starting 'Chrome' driver

2024-02-10 01:54:12 - [MESSAGE][INFO] - Action delay is set to 0 milliseconds

2024-02-10 01:54:14 - [MESSAGE][PASSED] - Browser is opened with url: ''

2024-02-10 01:54:14 - [TEST_STEP][PASSED] - navigateToUrl("https://www.amazon.in/"): Navigate to 'https://www.amazon.in/' successfully

2024-02-10 01:54:16 - [MESSAGE][PASSED] - Navigate to 'https://www.amazon.in/' successfully

2024-02-10 01:54:16 - [TEST_STEP][PASSED] - setText(findTestObject("Object Repository/Amazon_cart_OR/Page_Online Shopping site in India Shop Onl_10c5f3/input_Search Amazon.in_field-keywords"), category): Text 'smart watch' is set on object 'Object Repository/Amazon_cart_OR/Page_Online Shopping site in India Shop Onl_10c5f3/input_Search Amazon.in_field-keywords'

2024-02-10 01:54:47 - [MESSAGE][INFO] - Unable to find the element located by 'By.xpath: //input[@id='twotabsearchtextbox']'. Please recheck the objects properties to make sure the desired element is located. 

2024-02-10 01:54:47 - [MESSAGE][WARNING] - [SELF-HEALING] Failed to find element with id 'Object Repository/Amazon_cart_OR/Page_Online Shopping site in India Shop Onl_10c5f3/input_Search Amazon.in_field-keywords'. Try using Self-healing.

2024-02-10 01:54:47 - [MESSAGE][INFO] - [SELF-HEALING] Failed Locator: '//input[@id='twotabsearchtextbox']'.

2024-02-10 01:54:47 - [MESSAGE][INFO] - [SELF-HEALING] Failed Locator: '//form[@id='nav-search-bar-form']/div[2]/div/input'.

2024-02-10 01:54:48 - [MESSAGE][INFO] - [SELF-HEALING] Failed Locator: '//div[2]/div/input'.

2024-02-10 01:54:48 - [MESSAGE][INFO] - [SELF-HEALING] Failed Locator: '//input[@type = 'text' and @id = 'twotabsearchtextbox' and @name = 'field-keywords' and @placeholder = 'Search Amazon.in']'.

2024-02-10 01:54:54 - [MESSAGE][INFO] - [SELF-HEALING] Screenshot: C:/Users/Akash Ghosh/git/katlon/Reports/Self-healing/Object Repository/Amazon_cart_OR/Page_Online Shopping site in India Shop Onl_10c5f3/input_Search Amazon.in_field-keywords_BASIC.png

2024-02-10 01:54:54 - [MESSAGE][WARNING] - [SELF-HEALING] The current locator of test object 'Object Repository/Amazon_cart_OR/Page_Online Shopping site in India Shop Onl_10c5f3/input_Search Amazon.in_field-keywords' was broken. Propose an alternative one: '//*[@type = 'text' and @id = 'twotabsearchtextbox' and @name = 'field-keywords' and @placeholder = 'Search Amazon.in']'.

2024-02-10 01:54:54 - [MESSAGE][PASSED] - Text 'smart watch' is set on object 'Object Repository/Amazon_cart_OR/Page_Online Shopping site in India Shop Onl_10c5f3/input_Search Amazon.in_field-keywords'

2024-02-10 01:54:54 - [TEST_STEP][PASSED] - click(findTestObject("Object Repository/Amazon_cart_OR/Page_Online Shopping site in India Shop Onl_10c5f3/input_Search Amazon.in_nav-search-submit-button")): Object: 'Object Repository/Amazon_cart_OR/Page_Online Shopping site in India Shop Onl_10c5f3/input_Search Amazon.in_nav-search-submit-button' is clicked on

2024-02-10 01:55:02 - [MESSAGE][PASSED] - Object: 'Object Repository/Amazon_cart_OR/Page_Online Shopping site in India Shop Onl_10c5f3/input_Search Amazon.in_nav-search-submit-button' is clicked on

2024-02-10 01:55:02 - [TEST_STEP][PASSED] - click(findTestObject("Object Repository/Amazon_cart_OR/Page_Amazon.in  smart watch/img_Tomorrow, 11 Feb_s-image")): Object: 'Object Repository/Amazon_cart_OR/Page_Amazon.in  smart watch/img_Tomorrow, 11 Feb_s-image' is clicked on

2024-02-10 01:55:03 - [MESSAGE][PASSED] - Object: 'Object Repository/Amazon_cart_OR/Page_Amazon.in  smart watch/img_Tomorrow, 11 Feb_s-image' is clicked on

2024-02-10 01:55:03 - [TEST_STEP][PASSED] - verifyCheckpoint(findCheckpoint("Checkpoints/Amazon_Cart/Amazon_Cart"), false): Checkpoint data and Source data are matched

2024-02-10 01:55:04 - [MESSAGE][PASSED] - Checkpoint data and Source data are matched

2024-02-10 01:55:04 - [TEST_STEP][PASSED] - switchToWindowTitle(product): Switched to window with title: 'Noise Vivid Call 2 Smart Watch with 1.85” HD Display, BT Calling, IP68 Waterproof, 7 Days Battery Life, Sleep Tracking, 150+ Watch Faces (Jet Black) : Amazon.in: Electronics'

2024-02-10 01:55:07 - [MESSAGE][PASSED] - Switched to window with title: 'Noise Vivid Call 2 Smart Watch with 1.85” HD Display, BT Calling, IP68 Waterproof, 7 Days Battery Life, Sleep Tracking, 150+ Watch Faces (Jet Black) : Amazon.in: Electronics'

2024-02-10 01:55:07 - [TEST_STEP][PASSED] - click(findTestObject("Object Repository/Amazon_cart_OR/Page_Noise Vivid Call 2 Smart Watch with 1._65537e/input_Shipping cost, delivery date and orde_362d1e")): Object: 'Object Repository/Amazon_cart_OR/Page_Noise Vivid Call 2 Smart Watch with 1._65537e/input_Shipping cost, delivery date and orde_362d1e' is clicked on

2024-02-10 01:55:09 - [MESSAGE][PASSED] - Object: 'Object Repository/Amazon_cart_OR/Page_Noise Vivid Call 2 Smart Watch with 1._65537e/input_Shipping cost, delivery date and orde_362d1e' is clicked on

2024-02-10 01:55:09 - [TEST_STEP][PASSED] - click(findTestObject("Object Repository/Amazon_cart_OR/Page_Noise Vivid Call 2 Smart Watch with 1._65537e/input_There was a problem retrieving the co_d71a61")): Object: 'Object Repository/Amazon_cart_OR/Page_Noise Vivid Call 2 Smart Watch with 1._65537e/input_There was a problem retrieving the co_d71a61' is clicked on

2024-02-10 01:55:14 - [MESSAGE][PASSED] - Object: 'Object Repository/Amazon_cart_OR/Page_Noise Vivid Call 2 Smart Watch with 1._65537e/input_There was a problem retrieving the co_d71a61' is clicked on

2024-02-10 01:55:14 - [TEST_STEP][PASSED] - closeBrowser(): Browser is closed

2024-02-10 01:55:15 - [MESSAGE][PASSED] - Browser is closed

2024-02-10 01:55:15 - [TEST_STEP][PASSED] - Start listener action : sampleAfterTestCase: Browser is closed

2024-02-10 01:55:15 - [TEST_STEP][PASSED] - closeBrowser(): Browser is closed

2024-02-10 01:55:15 - [MESSAGE][PASSED] - Browser is closed

2024-02-10 01:55:15 - [TEST_STEP][PASSED] - Start listener action : sampleAfterTestCase: Browser is closed

2024-02-10 01:55:15 - [TEST_STEP][PASSED] - closeBrowser(): Browser is closed

2024-02-10 01:55:15 - [MESSAGE][PASSED] - Browser is closed]]></system-out>
         <system-err><![CDATA[]]></system-err>
      </testcase>
      <system-out><![CDATA[2024-02-10 01:54:02 - [TEST_SUITE][PASSED] - Amazon_TestSuite_cart: Test Cases/Amazon/TC_shopping_cart]]></system-out>
      <system-err><![CDATA[]]></system-err>
   </testsuite>
</testsuites>
