<?xml version="1.0" encoding="UTF-8"?>
<testsuites name="Amazon_TestSuite_Login" time="26.264" tests="1" failures="0" errors="0">
   <testsuite name="Amazon_TestSuite_Login" tests="1" failures="0" errors="0" time="26.264" skipped="0" timestamp="09-02-2024T00:03:01" hostname="Akash Ghosh - 10.1.194.195" id="Test Suites/Amazon_TestSuite_Login/Amazon_TestSuite_Login">
      <properties>
         <property name="deviceName" value=""/>
         <property name="devicePlatform" value=""/>
         <property name="logFolder" value="C:\\Users\\Akash Ghosh\\git\\katlon\\Reports\\20240209_000256\\Amazon_TestSuite_Login\\Amazon_TestSuite_Login\\20240209_000257"/>
         <property name="logFiles" value="C:\\Users\\Akash Ghosh\\git\\katlon\\Reports\\20240209_000256\\Amazon_TestSuite_Login\\Amazon_TestSuite_Login\\20240209_000257\\execution0.log"/>
         <property name="attachments" value=""/>
         <property name="hostName" value="Akash Ghosh - 10.1.194.195"/>
         <property name="os" value="Windows 10 64bit"/>
         <property name="katalonVersion" value="9.3.0.212"/>
         <property name="browser" value="Chrome 121.0.0.0"/>
         <property name="hostAddress" value="10.1.194.195"/>
         <property name="sessionId" value="e7ddb7d4878609db903705dbafdad11d"/>
         <property name="seleniumVersion" value="3.141.59"/>
         <property name="proxyInformation" value="ProxyInformation { proxyOption=NO_PROXY, proxyServerType=HTTP, username=, password=********, proxyServerAddress=, proxyServerPort=0, executionList=&quot;&quot;, isApplyToDesiredCapabilities=true }"/>
         <property name="platform" value="Windows 10"/>
      </properties>
      <testcase name="Test Cases/Amazon/TC_Amazon_Login" time="26.093" classname="Test Cases/Amazon/TC_Amazon_Login" status="PASSED">
         <system-out><![CDATA[09-02-2024T00:03:02 - [TEST_CASE][PASSED] - Test Cases/Amazon/TC_Amazon_Login: Test Cases/Amazon/TC_Amazon_Login

09-02-2024T00:03:02 - [TEST_STEP][PASSED] - openBrowser(""): Browser is opened with url: ''

09-02-2024T00:03:02 - [MESSAGE][INFO] - Starting 'Chrome' driver

09-02-2024T00:03:02 - [MESSAGE][INFO] - Action delay is set to 0 milliseconds

09-02-2024T00:03:04 - [MESSAGE][PASSED] - Browser is opened with url: ''

09-02-2024T00:03:04 - [TEST_STEP][PASSED] - navigateToUrl("https://www.amazon.in/"): Navigate to 'https://www.amazon.in/' successfully

09-02-2024T00:03:06 - [MESSAGE][PASSED] - Navigate to 'https://www.amazon.in/' successfully

09-02-2024T00:03:06 - [TEST_STEP][PASSED] - click(findTestObject("Object Repository/Amazon_OR/Page_Online Shopping site in India Shop Onl_10c5f3/span_Hello, sign in")): Object: 'Object Repository/Amazon_OR/Page_Online Shopping site in India Shop Onl_10c5f3/span_Hello, sign in' is clicked on

09-02-2024T00:03:23 - [MESSAGE][PASSED] - Object: 'Object Repository/Amazon_OR/Page_Online Shopping site in India Shop Onl_10c5f3/span_Hello, sign in' is clicked on

09-02-2024T00:03:23 - [TEST_STEP][PASSED] - setText(findTestObject("Object Repository/Amazon_OR/Page_Amazon Sign In/input_Email or mobile phone number_email"), "9775827093"): Text '9775827093' is set on object 'Object Repository/Amazon_OR/Page_Amazon Sign In/input_Email or mobile phone number_email'

09-02-2024T00:03:25 - [MESSAGE][PASSED] - Text '9775827093' is set on object 'Object Repository/Amazon_OR/Page_Amazon Sign In/input_Email or mobile phone number_email'

09-02-2024T00:03:25 - [TEST_STEP][PASSED] - click(findTestObject("Object Repository/Amazon_OR/Page_Amazon Sign In/input_Enter your email or mobile phone numb_fc7402")): Object: 'Object Repository/Amazon_OR/Page_Amazon Sign In/input_Enter your email or mobile phone numb_fc7402' is clicked on

09-02-2024T00:03:26 - [MESSAGE][PASSED] - Object: 'Object Repository/Amazon_OR/Page_Amazon Sign In/input_Enter your email or mobile phone numb_fc7402' is clicked on

09-02-2024T00:03:26 - [TEST_STEP][PASSED] - setText(findTestObject("Amazon_Button_OR/Page_Amazon Sign In/input_Forgot Password_password"), "akash@1906"): Text 'akash@1906' is set on object 'Object Repository/Amazon_Button_OR/Page_Amazon Sign In/input_Forgot Password_password'

09-02-2024T00:03:27 - [MESSAGE][PASSED] - Text 'akash@1906' is set on object 'Object Repository/Amazon_Button_OR/Page_Amazon Sign In/input_Forgot Password_password'

09-02-2024T00:03:27 - [TEST_STEP][PASSED] - click(findTestObject("Amazon_Button_OR/Page_Amazon Sign In/input_Enter your password_signInSubmit")): Object: 'Object Repository/Amazon_Button_OR/Page_Amazon Sign In/input_Enter your password_signInSubmit' is clicked on

09-02-2024T00:03:28 - [MESSAGE][PASSED] - Object: 'Object Repository/Amazon_Button_OR/Page_Amazon Sign In/input_Enter your password_signInSubmit' is clicked on

09-02-2024T00:03:28 - [TEST_STEP][PASSED] - closeBrowser(): Browser is closed

09-02-2024T00:03:28 - [MESSAGE][PASSED] - Browser is closed]]></system-out>
         <system-err><![CDATA[]]></system-err>
      </testcase>
      <system-out><![CDATA[09-02-2024T00:03:01 - [TEST_SUITE][PASSED] - Amazon_TestSuite_Login: Test Cases/Amazon/TC_Amazon_Login]]></system-out>
      <system-err><![CDATA[]]></system-err>
   </testsuite>
</testsuites>
