<?xml version="1.0" encoding="UTF-8"?>
<testsuites name="Amazon_TestSuite_cart" time="28.779" tests="1" failures="0" errors="0">
   <testsuite name="Amazon_TestSuite_cart" tests="1" failures="0" errors="0" time="28.779" skipped="0" timestamp="10-02-2024T00:59:31" hostname="Akash Ghosh - 10.1.161.136" id="Test Suites/Amazon_TestSuite_cart/Amazon_TestSuite_cart">
      <properties>
         <property name="deviceName" value=""/>
         <property name="devicePlatform" value=""/>
         <property name="logFolder" value="C:\\Users\\Akash Ghosh\\git\\katlon\\Reports\\20240210_005926\\Amazon_TestSuite_cart\\Amazon_TestSuite_cart\\20240210_005926"/>
         <property name="logFiles" value="C:\\Users\\Akash Ghosh\\git\\katlon\\Reports\\20240210_005926\\Amazon_TestSuite_cart\\Amazon_TestSuite_cart\\20240210_005926\\execution0.log"/>
         <property name="attachments" value=""/>
         <property name="hostName" value="Akash Ghosh - 10.1.161.136"/>
         <property name="os" value="Windows 10 64bit"/>
         <property name="katalonVersion" value="9.3.0.212"/>
         <property name="browser" value="Chrome 121.0.0.0"/>
         <property name="hostAddress" value="10.1.161.136"/>
         <property name="sessionId" value="f7eedb15b808e93ad6472812d5709ecf"/>
         <property name="seleniumVersion" value="3.141.59"/>
         <property name="proxyInformation" value="ProxyInformation { proxyOption=NO_PROXY, proxyServerType=HTTP, username=, password=********, proxyServerAddress=, proxyServerPort=0, executionList=&quot;&quot;, isApplyToDesiredCapabilities=true }"/>
         <property name="platform" value="Windows 10"/>
      </properties>
      <testcase name="Test Cases/Amazon/TC_shopping_cart" time="28.386" classname="Test Cases/Amazon/TC_shopping_cart" status="PASSED">
         <system-out><![CDATA[10-02-2024T00:59:31 - [TEST_CASE][PASSED] - Test Cases/Amazon/TC_shopping_cart: Test Cases/Amazon/TC_shopping_cart

10-02-2024T00:59:31 - [TEST_STEP][PASSED] - Start listener action : sampleBeforeTestCase: Navigate to 'https://www.amazon.in/' successfully

10-02-2024T00:59:31 - [TEST_STEP][PASSED] - openBrowser(""): Browser is opened with url: ''

10-02-2024T00:59:32 - [MESSAGE][INFO] - Starting 'Chrome' driver

10-02-2024T00:59:32 - [MESSAGE][INFO] - Action delay is set to 0 milliseconds

10-02-2024T00:59:33 - [MESSAGE][PASSED] - Browser is opened with url: ''

10-02-2024T00:59:33 - [TEST_STEP][PASSED] - navigateToUrl("https://www.amazon.in/"): Navigate to 'https://www.amazon.in/' successfully

10-02-2024T00:59:35 - [MESSAGE][PASSED] - Navigate to 'https://www.amazon.in/' successfully

10-02-2024T00:59:36 - [TEST_STEP][PASSED] - openBrowser(""): Browser is opened with url: ''

10-02-2024T00:59:36 - [MESSAGE][WARNING] - A browser is already opened. Closing browser and opening a new one

10-02-2024T00:59:36 - [MESSAGE][INFO] - Starting 'Chrome' driver

10-02-2024T00:59:36 - [MESSAGE][INFO] - Action delay is set to 0 milliseconds

10-02-2024T00:59:37 - [MESSAGE][PASSED] - Browser is opened with url: ''

10-02-2024T00:59:37 - [TEST_STEP][PASSED] - navigateToUrl("https://www.amazon.in/"): Navigate to 'https://www.amazon.in/' successfully

10-02-2024T00:59:38 - [MESSAGE][PASSED] - Navigate to 'https://www.amazon.in/' successfully

10-02-2024T00:59:38 - [TEST_STEP][PASSED] - setText(findTestObject("Object Repository/Amazon_cart_OR/Page_Online Shopping site in India Shop Onl_10c5f3/input_Search Amazon.in_field-keywords"), "smart watch"): Text 'smart watch' is set on object 'Object Repository/Amazon_cart_OR/Page_Online Shopping site in India Shop Onl_10c5f3/input_Search Amazon.in_field-keywords'

10-02-2024T00:59:40 - [MESSAGE][PASSED] - Text 'smart watch' is set on object 'Object Repository/Amazon_cart_OR/Page_Online Shopping site in India Shop Onl_10c5f3/input_Search Amazon.in_field-keywords'

10-02-2024T00:59:40 - [TEST_STEP][PASSED] - click(findTestObject("Object Repository/Amazon_cart_OR/Page_Online Shopping site in India Shop Onl_10c5f3/input_Search Amazon.in_nav-search-submit-button")): Object: 'Object Repository/Amazon_cart_OR/Page_Online Shopping site in India Shop Onl_10c5f3/input_Search Amazon.in_nav-search-submit-button' is clicked on

10-02-2024T00:59:46 - [MESSAGE][PASSED] - Object: 'Object Repository/Amazon_cart_OR/Page_Online Shopping site in India Shop Onl_10c5f3/input_Search Amazon.in_nav-search-submit-button' is clicked on

10-02-2024T00:59:46 - [TEST_STEP][PASSED] - click(findTestObject("Object Repository/Amazon_cart_OR/Page_Amazon.in  smart watch/img_Tomorrow, 11 Feb_s-image")): Object: 'Object Repository/Amazon_cart_OR/Page_Amazon.in  smart watch/img_Tomorrow, 11 Feb_s-image' is clicked on

10-02-2024T00:59:48 - [MESSAGE][PASSED] - Object: 'Object Repository/Amazon_cart_OR/Page_Amazon.in  smart watch/img_Tomorrow, 11 Feb_s-image' is clicked on

10-02-2024T00:59:48 - [TEST_STEP][PASSED] - switchToWindowTitle("Noise Vivid Call 2 Smart Watch with 1.85” HD Display, BT Calling, IP68 Waterproof, 7 Days Battery Life, Sleep Tracking, 150+ Watch Faces (Jet Black) : Amazon.in: Electronics"): Switched to window with title: 'Noise Vivid Call 2 Smart Watch with 1.85” HD Display, BT Calling, IP68 Waterproof, 7 Days Battery Life, Sleep Tracking, 150+ Watch Faces (Jet Black) : Amazon.in: Electronics'

10-02-2024T00:59:53 - [MESSAGE][PASSED] - Switched to window with title: 'Noise Vivid Call 2 Smart Watch with 1.85” HD Display, BT Calling, IP68 Waterproof, 7 Days Battery Life, Sleep Tracking, 150+ Watch Faces (Jet Black) : Amazon.in: Electronics'

10-02-2024T00:59:53 - [TEST_STEP][PASSED] - click(findTestObject("Object Repository/Amazon_cart_OR/Page_Noise Vivid Call 2 Smart Watch with 1._65537e/input_Shipping cost, delivery date and orde_362d1e")): Object: 'Object Repository/Amazon_cart_OR/Page_Noise Vivid Call 2 Smart Watch with 1._65537e/input_Shipping cost, delivery date and orde_362d1e' is clicked on

10-02-2024T00:59:54 - [MESSAGE][PASSED] - Object: 'Object Repository/Amazon_cart_OR/Page_Noise Vivid Call 2 Smart Watch with 1._65537e/input_Shipping cost, delivery date and orde_362d1e' is clicked on

10-02-2024T00:59:54 - [TEST_STEP][PASSED] - click(findTestObject("Object Repository/Amazon_cart_OR/Page_Noise Vivid Call 2 Smart Watch with 1._65537e/input_There was a problem retrieving the co_d71a61")): Object: 'Object Repository/Amazon_cart_OR/Page_Noise Vivid Call 2 Smart Watch with 1._65537e/input_There was a problem retrieving the co_d71a61' is clicked on

10-02-2024T00:59:59 - [MESSAGE][PASSED] - Object: 'Object Repository/Amazon_cart_OR/Page_Noise Vivid Call 2 Smart Watch with 1._65537e/input_There was a problem retrieving the co_d71a61' is clicked on

10-02-2024T00:59:59 - [TEST_STEP][PASSED] - closeBrowser(): Browser is closed

10-02-2024T00:59:59 - [MESSAGE][PASSED] - Browser is closed

10-02-2024T00:59:59 - [TEST_STEP][PASSED] - Start listener action : sampleAfterTestCase: Browser is closed

10-02-2024T00:59:59 - [TEST_STEP][PASSED] - closeBrowser(): Browser is closed

10-02-2024T00:59:59 - [MESSAGE][PASSED] - Browser is closed]]></system-out>
         <system-err><![CDATA[]]></system-err>
      </testcase>
      <system-out><![CDATA[10-02-2024T00:59:31 - [TEST_SUITE][PASSED] - Amazon_TestSuite_cart: Test Cases/Amazon/TC_shopping_cart]]></system-out>
      <system-err><![CDATA[]]></system-err>
   </testsuite>
</testsuites>
