<?xml version="1.0" encoding="UTF-8"?>
<testsuites name="Amazon_TestSuite_cart" time="56.938" tests="1" failures="0" errors="0">
   <testsuite name="Amazon_TestSuite_cart" tests="1" failures="0" errors="0" time="56.938" skipped="0" timestamp="10-02-2024T02:48:00" hostname="Akash Ghosh - 10.1.161.136" id="Test Suites/Amazon_TestSuite_checkout/Amazon_TestSuite_cart">
      <properties>
         <property name="deviceName" value=""/>
         <property name="devicePlatform" value=""/>
         <property name="logFolder" value="C:\\Users\\Akash Ghosh\\git\\katlon\\Reports\\20240210_024757\\Amazon_TestSuite_checkout\\Amazon_TestSuite_cart\\20240210_024757"/>
         <property name="logFiles" value="C:\\Users\\Akash Ghosh\\git\\katlon\\Reports\\20240210_024757\\Amazon_TestSuite_checkout\\Amazon_TestSuite_cart\\20240210_024757\\execution0.log"/>
         <property name="attachments" value=""/>
         <property name="hostName" value="Akash Ghosh - 10.1.161.136"/>
         <property name="os" value="Windows 10 64bit"/>
         <property name="katalonVersion" value="9.3.0.212"/>
         <property name="browser" value="Chrome 121.0.0.0"/>
         <property name="hostAddress" value="10.1.161.136"/>
         <property name="sessionId" value="caffd27e6317ecdc547ef80c523e0f98"/>
         <property name="seleniumVersion" value="3.141.59"/>
         <property name="proxyInformation" value="ProxyInformation { proxyOption=NO_PROXY, proxyServerType=HTTP, username=, password=********, proxyServerAddress=, proxyServerPort=0, executionList=&quot;&quot;, isApplyToDesiredCapabilities=true }"/>
         <property name="platform" value="Windows 10"/>
      </properties>
      <testcase name="Test Cases/Amazon/TC_checkout" time="56.657" classname="Test Cases/Amazon/TC_checkout" status="PASSED">
         <system-out><![CDATA[10-02-2024T02:48:01 - [TEST_CASE][PASSED] - Test Cases/Amazon/TC_checkout: Test Cases/Amazon/TC_checkout

10-02-2024T02:48:01 - [TEST_STEP][PASSED] - Start listener action : sampleBeforeTestCase: Navigate to 'https://www.amazon.in/' successfully

10-02-2024T02:48:01 - [TEST_STEP][PASSED] - openBrowser(""): Browser is opened with url: ''

10-02-2024T02:48:01 - [MESSAGE][INFO] - Starting 'Chrome' driver

10-02-2024T02:48:01 - [MESSAGE][INFO] - Action delay is set to 0 milliseconds

10-02-2024T02:48:02 - [MESSAGE][PASSED] - Browser is opened with url: ''

10-02-2024T02:48:02 - [TEST_STEP][PASSED] - navigateToUrl("https://www.amazon.in/"): Navigate to 'https://www.amazon.in/' successfully

10-02-2024T02:48:03 - [MESSAGE][PASSED] - Navigate to 'https://www.amazon.in/' successfully

10-02-2024T02:48:03 - [TEST_STEP][PASSED] - Start listener action : sampleBeforeTestCase: Navigate to 'https://www.amazon.in/' successfully

10-02-2024T02:48:03 - [TEST_STEP][PASSED] - openBrowser(""): Browser is opened with url: ''

10-02-2024T02:48:03 - [MESSAGE][WARNING] - A browser is already opened. Closing browser and opening a new one

10-02-2024T02:48:03 - [MESSAGE][INFO] - Starting 'Chrome' driver

10-02-2024T02:48:03 - [MESSAGE][INFO] - Action delay is set to 0 milliseconds

10-02-2024T02:48:04 - [MESSAGE][PASSED] - Browser is opened with url: ''

10-02-2024T02:48:04 - [TEST_STEP][PASSED] - navigateToUrl("https://www.amazon.in/"): Navigate to 'https://www.amazon.in/' successfully

10-02-2024T02:48:06 - [MESSAGE][PASSED] - Navigate to 'https://www.amazon.in/' successfully

10-02-2024T02:48:06 - [TEST_STEP][PASSED] - openBrowser(""): Browser is opened with url: ''

10-02-2024T02:48:06 - [MESSAGE][WARNING] - A browser is already opened. Closing browser and opening a new one

10-02-2024T02:48:06 - [MESSAGE][INFO] - Starting 'Chrome' driver

10-02-2024T02:48:06 - [MESSAGE][INFO] - Action delay is set to 0 milliseconds

10-02-2024T02:48:07 - [MESSAGE][PASSED] - Browser is opened with url: ''

10-02-2024T02:48:07 - [TEST_STEP][PASSED] - navigateToUrl("https://www.amazon.in/"): Navigate to 'https://www.amazon.in/' successfully

10-02-2024T02:48:08 - [MESSAGE][PASSED] - Navigate to 'https://www.amazon.in/' successfully

10-02-2024T02:48:08 - [TEST_STEP][PASSED] - click(findTestObject("Object Repository/Amazon_checkout_OR/Page_Online Shopping site in India Shop Onl_10c5f3/span_Hello, sign in")): Object: 'Object Repository/Amazon_checkout_OR/Page_Online Shopping site in India Shop Onl_10c5f3/span_Hello, sign in' is clicked on

10-02-2024T02:48:09 - [MESSAGE][PASSED] - Object: 'Object Repository/Amazon_checkout_OR/Page_Online Shopping site in India Shop Onl_10c5f3/span_Hello, sign in' is clicked on

10-02-2024T02:48:09 - [TEST_STEP][PASSED] - setText(findTestObject("Object Repository/Amazon_checkout_OR/Page_Amazon Sign In/input_Email or mobile phone number_email"), username): Text '9775827093' is set on object 'Object Repository/Amazon_checkout_OR/Page_Amazon Sign In/input_Email or mobile phone number_email'

10-02-2024T02:48:11 - [MESSAGE][PASSED] - Text '9775827093' is set on object 'Object Repository/Amazon_checkout_OR/Page_Amazon Sign In/input_Email or mobile phone number_email'

10-02-2024T02:48:11 - [TEST_STEP][PASSED] - click(findTestObject("Object Repository/Amazon_checkout_OR/Page_Amazon Sign In/input_Enter your email or mobile phone numb_fc7402")): Object: 'Object Repository/Amazon_checkout_OR/Page_Amazon Sign In/input_Enter your email or mobile phone numb_fc7402' is clicked on

10-02-2024T02:48:12 - [MESSAGE][PASSED] - Object: 'Object Repository/Amazon_checkout_OR/Page_Amazon Sign In/input_Enter your email or mobile phone numb_fc7402' is clicked on

10-02-2024T02:48:12 - [TEST_STEP][PASSED] - setEncryptedText(findTestObject("Object Repository/Amazon_checkout_OR/Page_Amazon Sign In/input_Forgot Password_password"), "jKhJCufa6utDUfafCRSIiw=="): Text ****** has been set on object 'Object Repository/Amazon_checkout_OR/Page_Amazon Sign In/input_Forgot Password_password'

10-02-2024T02:48:13 - [MESSAGE][PASSED] - Text ****** has been set on object 'Object Repository/Amazon_checkout_OR/Page_Amazon Sign In/input_Forgot Password_password'

10-02-2024T02:48:13 - [TEST_STEP][PASSED] - click(findTestObject("Object Repository/Amazon_checkout_OR/Page_Amazon Sign In/input_Enter your password_signInSubmit")): Object: 'Object Repository/Amazon_checkout_OR/Page_Amazon Sign In/input_Enter your password_signInSubmit' is clicked on

10-02-2024T02:48:13 - [MESSAGE][PASSED] - Object: 'Object Repository/Amazon_checkout_OR/Page_Amazon Sign In/input_Enter your password_signInSubmit' is clicked on

10-02-2024T02:48:13 - [TEST_STEP][PASSED] - setText(findTestObject("Object Repository/Amazon_checkout_OR/Page_Online Shopping site in India Shop Onl_10c5f3/input_Search Amazon.in_field-keywords"), "smart watch"): Text 'smart watch' is set on object 'Object Repository/Amazon_checkout_OR/Page_Online Shopping site in India Shop Onl_10c5f3/input_Search Amazon.in_field-keywords'

10-02-2024T02:48:16 - [MESSAGE][PASSED] - Text 'smart watch' is set on object 'Object Repository/Amazon_checkout_OR/Page_Online Shopping site in India Shop Onl_10c5f3/input_Search Amazon.in_field-keywords'

10-02-2024T02:48:16 - [TEST_STEP][PASSED] - click(findTestObject("Object Repository/Amazon_checkout_OR/Page_Online Shopping site in India Shop Onl_10c5f3/input_Search Amazon.in_nav-search-submit-button")): Object: 'Object Repository/Amazon_checkout_OR/Page_Online Shopping site in India Shop Onl_10c5f3/input_Search Amazon.in_nav-search-submit-button' is clicked on

10-02-2024T02:48:40 - [MESSAGE][PASSED] - Object: 'Object Repository/Amazon_checkout_OR/Page_Online Shopping site in India Shop Onl_10c5f3/input_Search Amazon.in_nav-search-submit-button' is clicked on

10-02-2024T02:48:40 - [TEST_STEP][PASSED] - click(findTestObject("Object Repository/Amazon_checkout_OR/Page_Amazon.in  smart watch/img_Best seller_s-image")): Object: 'Object Repository/Amazon_checkout_OR/Page_Amazon.in  smart watch/img_Best seller_s-image' is clicked on

10-02-2024T02:48:41 - [MESSAGE][PASSED] - Object: 'Object Repository/Amazon_checkout_OR/Page_Amazon.in  smart watch/img_Best seller_s-image' is clicked on

10-02-2024T02:48:41 - [TEST_STEP][PASSED] - switchToWindowTitle("Fire-Boltt Gladiator 1.96" Biggest Display Smart Watch with Bluetooth Calling, Voice Assistant &123 Sports Modes, 8 Unique UI Interactions, SpO2, 24/7 Heart Rate Tracking (Light Gold) : Amazon.in: Electronics"): Switched to window with title: 'Fire-Boltt Gladiator 1.96" Biggest Display Smart Watch with Bluetooth Calling, Voice Assistant &123 Sports Modes, 8 Unique UI Interactions, SpO2, 24/7 Heart Rate Tracking (Light Gold) : Amazon.in: Electronics'

10-02-2024T02:48:46 - [MESSAGE][PASSED] - Switched to window with title: 'Fire-Boltt Gladiator 1.96" Biggest Display Smart Watch with Bluetooth Calling, Voice Assistant &123 Sports Modes, 8 Unique UI Interactions, SpO2, 24/7 Heart Rate Tracking (Light Gold) : Amazon.in: Electronics'

10-02-2024T02:48:46 - [TEST_STEP][PASSED] - click(findTestObject("Object Repository/Amazon_checkout_OR/Page_Fire-Boltt Gladiator 1.96 Biggest Disp_abe657/input_Shipping cost, delivery date and orde_a6d45b")): Object: 'Object Repository/Amazon_checkout_OR/Page_Fire-Boltt Gladiator 1.96 Biggest Disp_abe657/input_Shipping cost, delivery date and orde_a6d45b' is clicked on

10-02-2024T02:48:51 - [MESSAGE][PASSED] - Object: 'Object Repository/Amazon_checkout_OR/Page_Fire-Boltt Gladiator 1.96 Biggest Disp_abe657/input_Shipping cost, delivery date and orde_a6d45b' is clicked on

10-02-2024T02:48:51 - [TEST_STEP][PASSED] - click(findTestObject("Object Repository/Amazon_checkout_OR/Page_Select a delivery address/input_Amazon.in homepage_a-button-input")): Object: 'Object Repository/Amazon_checkout_OR/Page_Select a delivery address/input_Amazon.in homepage_a-button-input' is clicked on

10-02-2024T02:48:52 - [MESSAGE][PASSED] - Object: 'Object Repository/Amazon_checkout_OR/Page_Select a delivery address/input_Amazon.in homepage_a-button-input' is clicked on

10-02-2024T02:48:52 - [TEST_STEP][PASSED] - click(findTestObject("Object Repository/Amazon_checkout_OR/Page_Amazon.in Checkout/input_Amazon.in homepage_a-button-input")): Object: 'Object Repository/Amazon_checkout_OR/Page_Amazon.in Checkout/input_Amazon.in homepage_a-button-input' is clicked on

10-02-2024T02:48:57 - [MESSAGE][PASSED] - Object: 'Object Repository/Amazon_checkout_OR/Page_Amazon.in Checkout/input_Amazon.in homepage_a-button-input' is clicked on

10-02-2024T02:48:57 - [TEST_STEP][PASSED] - closeBrowser(): Browser is closed

10-02-2024T02:48:57 - [MESSAGE][PASSED] - Browser is closed

10-02-2024T02:48:57 - [TEST_STEP][PASSED] - Start listener action : sampleAfterTestCase: Browser is closed

10-02-2024T02:48:57 - [TEST_STEP][PASSED] - closeBrowser(): Browser is closed

10-02-2024T02:48:57 - [MESSAGE][PASSED] - Browser is closed

10-02-2024T02:48:57 - [TEST_STEP][PASSED] - Start listener action : sampleAfterTestCase: Browser is closed

10-02-2024T02:48:57 - [TEST_STEP][PASSED] - closeBrowser(): Browser is closed

10-02-2024T02:48:57 - [MESSAGE][PASSED] - Browser is closed]]></system-out>
         <system-err><![CDATA[]]></system-err>
      </testcase>
      <system-out><![CDATA[10-02-2024T02:48:00 - [TEST_SUITE][PASSED] - Amazon_TestSuite_cart: Test Cases/Amazon/TC_checkout]]></system-out>
      <system-err><![CDATA[]]></system-err>
   </testsuite>
</testsuites>
